{"/workspaces/project-req-rats/outdoor-now/src/helpers/fetchWrapper.js": {"path":"/workspaces/project-req-rats/outdoor-now/src/helpers/fetchWrapper.js","statementMap":{"0":{"start":{"line":7,"column":28},"end":{"line":10,"column":1}},"1":{"start":{"line":14,"column":20},"end":{"line":17,"column":5}},"2":{"start":{"line":19,"column":4},"end":{"line":19,"column":43}},"3":{"start":{"line":25,"column":20},"end":{"line":29,"column":5}},"4":{"start":{"line":31,"column":4},"end":{"line":31,"column":43}},"5":{"start":{"line":39,"column":4},"end":{"line":54,"column":6}},"6":{"start":{"line":41,"column":8},"end":{"line":45,"column":9}},"7":{"start":{"line":42,"column":12},"end":{"line":42,"column":38}},"8":{"start":{"line":44,"column":12},"end":{"line":44,"column":60}},"9":{"start":{"line":48,"column":8},"end":{"line":51,"column":9}},"10":{"start":{"line":49,"column":24},"end":{"line":49,"column":62}},"11":{"start":{"line":50,"column":12},"end":{"line":50,"column":38}},"12":{"start":{"line":53,"column":8},"end":{"line":53,"column":22}}},"fnMap":{"0":{"name":"get","decl":{"start":{"line":12,"column":16},"end":{"line":12,"column":19}},"loc":{"start":{"line":12,"column":33},"end":{"line":21,"column":1}},"line":12},"1":{"name":"post","decl":{"start":{"line":23,"column":16},"end":{"line":23,"column":20}},"loc":{"start":{"line":23,"column":35},"end":{"line":33,"column":1}},"line":23},"2":{"name":"handle","decl":{"start":{"line":37,"column":9},"end":{"line":37,"column":15}},"loc":{"start":{"line":37,"column":25},"end":{"line":55,"column":1}},"line":37},"3":{"name":"(anonymous_3)","decl":{"start":{"line":39,"column":32},"end":{"line":39,"column":33}},"loc":{"start":{"line":39,"column":42},"end":{"line":54,"column":5}},"line":39}},"branchMap":{"0":{"loc":{"start":{"line":48,"column":8},"end":{"line":51,"column":9}},"type":"if","locations":[{"start":{"line":48,"column":8},"end":{"line":51,"column":9}},{"start":{},"end":{}}],"line":48},"1":{"loc":{"start":{"line":49,"column":24},"end":{"line":49,"column":62}},"type":"binary-expr","locations":[{"start":{"line":49,"column":24},"end":{"line":49,"column":39}},{"start":{"line":49,"column":43},"end":{"line":49,"column":62}}],"line":49}},"s":{"0":2,"1":0,"2":0,"3":0,"4":0,"5":0,"6":0,"7":0,"8":0,"9":0,"10":0,"11":0,"12":0},"f":{"0":0,"1":0,"2":0,"3":0},"b":{"0":[0,0],"1":[0,0]},"_coverageSchema":"1a1c01bbd47fc00a2c39e90264f33305004495a9","hash":"b42ae9f6a08f0e27cb8acc962436104b19aaf62d"}
,"/workspaces/project-req-rats/outdoor-now/src/helpers/haversine.js": {"path":"/workspaces/project-req-rats/outdoor-now/src/helpers/haversine.js","statementMap":{"0":{"start":{"line":7,"column":25},"end":{"line":7,"column":49}},"1":{"start":{"line":8,"column":26},"end":{"line":8,"column":51}},"2":{"start":{"line":10,"column":12},"end":{"line":10,"column":16}},"3":{"start":{"line":11,"column":13},"end":{"line":11,"column":33}},"4":{"start":{"line":12,"column":15},"end":{"line":12,"column":32}},"5":{"start":{"line":13,"column":13},"end":{"line":13,"column":33}},"6":{"start":{"line":14,"column":15},"end":{"line":14,"column":32}},"7":{"start":{"line":15,"column":12},"end":{"line":17,"column":47}},"8":{"start":{"line":18,"column":12},"end":{"line":18,"column":58}},"9":{"start":{"line":19,"column":12},"end":{"line":19,"column":17}},"10":{"start":{"line":20,"column":4},"end":{"line":20,"column":13}}},"fnMap":{"0":{"name":"haversine","decl":{"start":{"line":4,"column":24},"end":{"line":4,"column":33}},"loc":{"start":{"line":4,"column":76},"end":{"line":21,"column":1}},"line":4}},"branchMap":{},"s":{"0":9,"1":9,"2":9,"3":9,"4":9,"5":9,"6":9,"7":9,"8":9,"9":9,"10":9},"f":{"0":9},"b":{},"_coverageSchema":"1a1c01bbd47fc00a2c39e90264f33305004495a9","hash":"2f10f9fcdacb20c58e689734aa9f2ce6fd43084d"}
,"/workspaces/project-req-rats/outdoor-now/src/helpers/JSON_utils/readJSON.js": {"path":"/workspaces/project-req-rats/outdoor-now/src/helpers/JSON_utils/readJSON.js","statementMap":{"0":{"start":{"line":3,"column":11},"end":{"line":3,"column":24}},"1":{"start":{"line":4,"column":17},"end":{"line":4,"column":28}},"2":{"start":{"line":9,"column":4},"end":{"line":23,"column":5}},"3":{"start":{"line":12,"column":27},"end":{"line":12,"column":63}},"4":{"start":{"line":13,"column":21},"end":{"line":13,"column":43}},"5":{"start":{"line":16,"column":8},"end":{"line":16,"column":20}},"6":{"start":{"line":21,"column":8},"end":{"line":21,"column":37}},"7":{"start":{"line":22,"column":8},"end":{"line":22,"column":15}},"8":{"start":{"line":25,"column":0},"end":{"line":25,"column":26}}},"fnMap":{"0":{"name":"readJSON","decl":{"start":{"line":6,"column":9},"end":{"line":6,"column":17}},"loc":{"start":{"line":6,"column":28},"end":{"line":24,"column":1}},"line":6}},"branchMap":{},"s":{"0":14,"1":14,"2":86,"3":86,"4":86,"5":86,"6":0,"7":0,"8":14},"f":{"0":86},"b":{},"_coverageSchema":"1a1c01bbd47fc00a2c39e90264f33305004495a9","hash":"10ec285b5267373a6d26053a78e85b9f47cf44ad"}
,"/workspaces/project-req-rats/outdoor-now/src/helpers/JSON_utils/writeJSON.js": {"path":"/workspaces/project-req-rats/outdoor-now/src/helpers/JSON_utils/writeJSON.js","statementMap":{"0":{"start":{"line":4,"column":17},"end":{"line":4,"column":28}},"1":{"start":{"line":10,"column":19},"end":{"line":10,"column":23}},"2":{"start":{"line":11,"column":4},"end":{"line":16,"column":5}},"3":{"start":{"line":12,"column":8},"end":{"line":12,"column":38}},"4":{"start":{"line":13,"column":8},"end":{"line":13,"column":28}},"5":{"start":{"line":14,"column":11},"end":{"line":16,"column":5}},"6":{"start":{"line":15,"column":8},"end":{"line":15,"column":24}},"7":{"start":{"line":19,"column":26},"end":{"line":19,"column":59}},"8":{"start":{"line":22,"column":4},"end":{"line":26,"column":7}},"9":{"start":{"line":23,"column":8},"end":{"line":25,"column":9}},"10":{"start":{"line":24,"column":12},"end":{"line":24,"column":29}}},"fnMap":{"0":{"name":"writeJSON","decl":{"start":{"line":7,"column":24},"end":{"line":7,"column":33}},"loc":{"start":{"line":7,"column":56},"end":{"line":27,"column":1}},"line":7},"1":{"name":"(anonymous_1)","decl":{"start":{"line":22,"column":59},"end":{"line":22,"column":60}},"loc":{"start":{"line":22,"column":68},"end":{"line":26,"column":5}},"line":22}},"branchMap":{"0":{"loc":{"start":{"line":11,"column":4},"end":{"line":16,"column":5}},"type":"if","locations":[{"start":{"line":11,"column":4},"end":{"line":16,"column":5}},{"start":{"line":14,"column":11},"end":{"line":16,"column":5}}],"line":11},"1":{"loc":{"start":{"line":14,"column":11},"end":{"line":16,"column":5}},"type":"if","locations":[{"start":{"line":14,"column":11},"end":{"line":16,"column":5}},{"start":{},"end":{}}],"line":14},"2":{"loc":{"start":{"line":23,"column":8},"end":{"line":25,"column":9}},"type":"if","locations":[{"start":{"line":23,"column":8},"end":{"line":25,"column":9}},{"start":{},"end":{}}],"line":23}},"s":{"0":9,"1":37,"2":37,"3":3,"4":3,"5":34,"6":34,"7":37,"8":37,"9":0,"10":0},"f":{"0":37,"1":0},"b":{"0":[3,34],"1":[34,0],"2":[0,0]},"_coverageSchema":"1a1c01bbd47fc00a2c39e90264f33305004495a9","hash":"4a1d63976c837df4f557911c15e04b6ec39e8459"}
,"/workspaces/project-req-rats/outdoor-now/src/helpers/filer/acceptable.js": {"path":"/workspaces/project-req-rats/outdoor-now/src/helpers/filer/acceptable.js","statementMap":{"0":{"start":{"line":3,"column":21},"end":{"line":3,"column":25}},"1":{"start":{"line":4,"column":22},"end":{"line":4,"column":35}},"2":{"start":{"line":5,"column":25},"end":{"line":5,"column":34}},"3":{"start":{"line":6,"column":22},"end":{"line":6,"column":35}},"4":{"start":{"line":7,"column":4},"end":{"line":17,"column":5}},"5":{"start":{"line":8,"column":8},"end":{"line":8,"column":29}},"6":{"start":{"line":9,"column":10},"end":{"line":17,"column":5}},"7":{"start":{"line":10,"column":8},"end":{"line":10,"column":28}},"8":{"start":{"line":11,"column":10},"end":{"line":17,"column":5}},"9":{"start":{"line":12,"column":8},"end":{"line":12,"column":27}},"10":{"start":{"line":13,"column":10},"end":{"line":17,"column":5}},"11":{"start":{"line":14,"column":8},"end":{"line":14,"column":27}},"12":{"start":{"line":16,"column":8},"end":{"line":16,"column":20}},"13":{"start":{"line":19,"column":21},"end":{"line":19,"column":26}},"14":{"start":{"line":21,"column":4},"end":{"line":21,"column":59}},"15":{"start":{"line":21,"column":39},"end":{"line":21,"column":57}},"16":{"start":{"line":24,"column":4},"end":{"line":34,"column":5}},"17":{"start":{"line":25,"column":8},"end":{"line":25,"column":26}},"18":{"start":{"line":26,"column":10},"end":{"line":34,"column":5}},"19":{"start":{"line":27,"column":8},"end":{"line":29,"column":9}},"20":{"start":{"line":28,"column":12},"end":{"line":28,"column":30}},"21":{"start":{"line":30,"column":10},"end":{"line":34,"column":5}},"22":{"start":{"line":31,"column":8},"end":{"line":33,"column":9}},"23":{"start":{"line":32,"column":12},"end":{"line":32,"column":30}},"24":{"start":{"line":36,"column":4},"end":{"line":36,"column":22}}},"fnMap":{"0":{"name":"isAcceptable","decl":{"start":{"line":1,"column":24},"end":{"line":1,"column":36}},"loc":{"start":{"line":1,"column":70},"end":{"line":37,"column":1}},"line":1}},"branchMap":{"0":{"loc":{"start":{"line":7,"column":4},"end":{"line":17,"column":5}},"type":"if","locations":[{"start":{"line":7,"column":4},"end":{"line":17,"column":5}},{"start":{"line":9,"column":10},"end":{"line":17,"column":5}}],"line":7},"1":{"loc":{"start":{"line":7,"column":7},"end":{"line":7,"column":165}},"type":"binary-expr","locations":[{"start":{"line":7,"column":7},"end":{"line":7,"column":46}},{"start":{"line":7,"column":50},"end":{"line":7,"column":87}},{"start":{"line":7,"column":91},"end":{"line":7,"column":131}},{"start":{"line":7,"column":135},"end":{"line":7,"column":165}}],"line":7},"2":{"loc":{"start":{"line":9,"column":10},"end":{"line":17,"column":5}},"type":"if","locations":[{"start":{"line":9,"column":10},"end":{"line":17,"column":5}},{"start":{"line":11,"column":10},"end":{"line":17,"column":5}}],"line":9},"3":{"loc":{"start":{"line":9,"column":13},"end":{"line":9,"column":116}},"type":"binary-expr","locations":[{"start":{"line":9,"column":13},"end":{"line":9,"column":47}},{"start":{"line":9,"column":50},"end":{"line":9,"column":83}},{"start":{"line":9,"column":87},"end":{"line":9,"column":116}}],"line":9},"4":{"loc":{"start":{"line":11,"column":10},"end":{"line":17,"column":5}},"type":"if","locations":[{"start":{"line":11,"column":10},"end":{"line":17,"column":5}},{"start":{"line":13,"column":10},"end":{"line":17,"column":5}}],"line":11},"5":{"loc":{"start":{"line":11,"column":13},"end":{"line":11,"column":118}},"type":"binary-expr","locations":[{"start":{"line":11,"column":13},"end":{"line":11,"column":46}},{"start":{"line":11,"column":50},"end":{"line":11,"column":118}}],"line":11},"6":{"loc":{"start":{"line":11,"column":68},"end":{"line":11,"column":117}},"type":"binary-expr","locations":[{"start":{"line":11,"column":68},"end":{"line":11,"column":85}},{"start":{"line":11,"column":89},"end":{"line":11,"column":117}}],"line":11},"7":{"loc":{"start":{"line":13,"column":10},"end":{"line":17,"column":5}},"type":"if","locations":[{"start":{"line":13,"column":10},"end":{"line":17,"column":5}},{"start":{"line":15,"column":9},"end":{"line":17,"column":5}}],"line":13},"8":{"loc":{"start":{"line":13,"column":13},"end":{"line":13,"column":78}},"type":"binary-expr","locations":[{"start":{"line":13,"column":13},"end":{"line":13,"column":46}},{"start":{"line":13,"column":50},"end":{"line":13,"column":78}}],"line":13},"9":{"loc":{"start":{"line":21,"column":4},"end":{"line":21,"column":59}},"type":"if","locations":[{"start":{"line":21,"column":4},"end":{"line":21,"column":59}},{"start":{},"end":{}}],"line":21},"10":{"loc":{"start":{"line":24,"column":4},"end":{"line":34,"column":5}},"type":"if","locations":[{"start":{"line":24,"column":4},"end":{"line":34,"column":5}},{"start":{"line":26,"column":10},"end":{"line":34,"column":5}}],"line":24},"11":{"loc":{"start":{"line":26,"column":10},"end":{"line":34,"column":5}},"type":"if","locations":[{"start":{"line":26,"column":10},"end":{"line":34,"column":5}},{"start":{"line":30,"column":10},"end":{"line":34,"column":5}}],"line":26},"12":{"loc":{"start":{"line":27,"column":8},"end":{"line":29,"column":9}},"type":"if","locations":[{"start":{"line":27,"column":8},"end":{"line":29,"column":9}},{"start":{},"end":{}}],"line":27},"13":{"loc":{"start":{"line":27,"column":11},"end":{"line":27,"column":63}},"type":"binary-expr","locations":[{"start":{"line":27,"column":11},"end":{"line":27,"column":35}},{"start":{"line":27,"column":39},"end":{"line":27,"column":63}}],"line":27},"14":{"loc":{"start":{"line":30,"column":10},"end":{"line":34,"column":5}},"type":"if","locations":[{"start":{"line":30,"column":10},"end":{"line":34,"column":5}},{"start":{},"end":{}}],"line":30},"15":{"loc":{"start":{"line":31,"column":8},"end":{"line":33,"column":9}},"type":"if","locations":[{"start":{"line":31,"column":8},"end":{"line":33,"column":9}},{"start":{},"end":{}}],"line":31}},"s":{"0":10,"1":10,"2":10,"3":10,"4":10,"5":1,"6":9,"7":7,"8":2,"9":1,"10":1,"11":1,"12":0,"13":10,"14":10,"15":1,"16":10,"17":7,"18":3,"19":1,"20":1,"21":2,"22":1,"23":0,"24":10},"f":{"0":10},"b":{"0":[1,9],"1":[10,10,10,10],"2":[7,2],"3":[9,9,9],"4":[1,1],"5":[2,1],"6":[1,0],"7":[1,0],"8":[1,0],"9":[1,9],"10":[7,3],"11":[1,2],"12":[1,0],"13":[1,0],"14":[1,1],"15":[0,1]},"_coverageSchema":"1a1c01bbd47fc00a2c39e90264f33305004495a9","hash":"b3edab7d0f28853a9d232b29bc2f1074f984081b"}
,"/workspaces/project-req-rats/outdoor-now/src/helpers/user/findUser.js": {"path":"/workspaces/project-req-rats/outdoor-now/src/helpers/user/findUser.js","statementMap":{"0":{"start":{"line":1,"column":17},"end":{"line":1,"column":50}},"1":{"start":{"line":5,"column":21},"end":{"line":5,"column":43}},"2":{"start":{"line":7,"column":4},"end":{"line":12,"column":5}},"3":{"start":{"line":9,"column":8},"end":{"line":11,"column":9}},"4":{"start":{"line":10,"column":12},"end":{"line":10,"column":24}},"5":{"start":{"line":14,"column":4},"end":{"line":14,"column":17}},"6":{"start":{"line":16,"column":0},"end":{"line":16,"column":26}}},"fnMap":{"0":{"name":"findUser","decl":{"start":{"line":3,"column":9},"end":{"line":3,"column":17}},"loc":{"start":{"line":3,"column":25},"end":{"line":15,"column":1}},"line":3}},"branchMap":{"0":{"loc":{"start":{"line":9,"column":8},"end":{"line":11,"column":9}},"type":"if","locations":[{"start":{"line":9,"column":8},"end":{"line":11,"column":9}},{"start":{},"end":{}}],"line":9}},"s":{"0":12,"1":46,"2":46,"3":47,"4":44,"5":2,"6":12},"f":{"0":46},"b":{"0":[44,3]},"_coverageSchema":"1a1c01bbd47fc00a2c39e90264f33305004495a9","hash":"a8c9c96b93e7781d46abbd9c7d0bc200e3508e9e"}
,"/workspaces/project-req-rats/outdoor-now/src/helpers/user/updateUser.js": {"path":"/workspaces/project-req-rats/outdoor-now/src/helpers/user/updateUser.js","statementMap":{"0":{"start":{"line":7,"column":28},"end":{"line":7,"column":50}},"1":{"start":{"line":11,"column":4},"end":{"line":17,"column":5}},"2":{"start":{"line":11,"column":17},"end":{"line":11,"column":18}},"3":{"start":{"line":12,"column":6},"end":{"line":16,"column":7}},"4":{"start":{"line":14,"column":8},"end":{"line":14,"column":50}},"5":{"start":{"line":15,"column":8},"end":{"line":15,"column":14}},"6":{"start":{"line":20,"column":4},"end":{"line":20,"column":50}},"7":{"start":{"line":23,"column":4},"end":{"line":23,"column":16}}},"fnMap":{"0":{"name":"updateUser","decl":{"start":{"line":5,"column":24},"end":{"line":5,"column":34}},"loc":{"start":{"line":5,"column":63},"end":{"line":24,"column":3}},"line":5}},"branchMap":{"0":{"loc":{"start":{"line":12,"column":6},"end":{"line":16,"column":7}},"type":"if","locations":[{"start":{"line":12,"column":6},"end":{"line":16,"column":7}},{"start":{},"end":{}}],"line":12}},"s":{"0":31,"1":31,"2":31,"3":31,"4":31,"5":31,"6":31,"7":31},"f":{"0":31},"b":{"0":[31,0]},"_coverageSchema":"1a1c01bbd47fc00a2c39e90264f33305004495a9","hash":"4c9b22cb76cea8c2aaa1e0602e633b5a7a4690b4"}
,"/workspaces/project-req-rats/outdoor-now/src/pages/api/filter/filterByWeather.js": {"path":"/workspaces/project-req-rats/outdoor-now/src/pages/api/filter/filterByWeather.js","statementMap":{"0":{"start":{"line":12,"column":49},"end":{"line":12,"column":69}},"1":{"start":{"line":14,"column":17},"end":{"line":14,"column":19}},"2":{"start":{"line":16,"column":20},"end":{"line":19,"column":5}},"3":{"start":{"line":21,"column":4},"end":{"line":53,"column":5}},"4":{"start":{"line":23,"column":18},"end":{"line":23,"column":30}},"5":{"start":{"line":24,"column":19},"end":{"line":24,"column":32}},"6":{"start":{"line":25,"column":20},"end":{"line":25,"column":107}},"7":{"start":{"line":27,"column":22},"end":{"line":27,"column":58}},"8":{"start":{"line":28,"column":26},"end":{"line":28,"column":38}},"9":{"start":{"line":34,"column":8},"end":{"line":52,"column":9}},"10":{"start":{"line":36,"column":12},"end":{"line":36,"column":53}},"11":{"start":{"line":37,"column":12},"end":{"line":37,"column":54}},"12":{"start":{"line":38,"column":12},"end":{"line":38,"column":37}},"13":{"start":{"line":39,"column":12},"end":{"line":39,"column":37}},"14":{"start":{"line":42,"column":12},"end":{"line":51,"column":13}},"15":{"start":{"line":44,"column":16},"end":{"line":49,"column":17}},"16":{"start":{"line":46,"column":20},"end":{"line":48,"column":21}},"17":{"start":{"line":47,"column":24},"end":{"line":47,"column":45}},"18":{"start":{"line":50,"column":16},"end":{"line":50,"column":22}},"19":{"start":{"line":55,"column":4},"end":{"line":55,"column":35}}},"fnMap":{"0":{"name":"filterByWeather","decl":{"start":{"line":10,"column":30},"end":{"line":10,"column":45}},"loc":{"start":{"line":10,"column":55},"end":{"line":56,"column":1}},"line":10}},"branchMap":{"0":{"loc":{"start":{"line":42,"column":12},"end":{"line":51,"column":13}},"type":"if","locations":[{"start":{"line":42,"column":12},"end":{"line":51,"column":13}},{"start":{},"end":{}}],"line":42},"1":{"loc":{"start":{"line":42,"column":15},"end":{"line":42,"column":45}},"type":"binary-expr","locations":[{"start":{"line":42,"column":15},"end":{"line":42,"column":29}},{"start":{"line":42,"column":33},"end":{"line":42,"column":45}}],"line":42},"2":{"loc":{"start":{"line":44,"column":16},"end":{"line":49,"column":17}},"type":"if","locations":[{"start":{"line":44,"column":16},"end":{"line":49,"column":17}},{"start":{},"end":{}}],"line":44},"3":{"loc":{"start":{"line":46,"column":20},"end":{"line":48,"column":21}},"type":"if","locations":[{"start":{"line":46,"column":20},"end":{"line":48,"column":21}},{"start":{},"end":{}}],"line":46}},"s":{"0":3,"1":3,"2":3,"3":3,"4":7,"5":7,"6":7,"7":7,"8":7,"9":7,"10":7,"11":7,"12":7,"13":7,"14":7,"15":7,"16":6,"17":6,"18":7,"19":3},"f":{"0":3},"b":{"0":[7,0],"1":[7,7],"2":[6,1],"3":[6,0]},"_coverageSchema":"1a1c01bbd47fc00a2c39e90264f33305004495a9","hash":"415594b15a48db50289a618990fc1a2cf54bf0db"}
,"/workspaces/project-req-rats/outdoor-now/src/pages/api/getTrails/getHikingTrails.js": {"path":"/workspaces/project-req-rats/outdoor-now/src/pages/api/getTrails/getHikingTrails.js","statementMap":{"0":{"start":{"line":12,"column":31},"end":{"line":12,"column":55}},"1":{"start":{"line":14,"column":17},"end":{"line":14,"column":19}},"2":{"start":{"line":16,"column":20},"end":{"line":19,"column":5}},"3":{"start":{"line":22,"column":17},"end":{"line":22,"column":144}},"4":{"start":{"line":25,"column":4},"end":{"line":48,"column":5}},"5":{"start":{"line":28,"column":8},"end":{"line":47,"column":9}},"6":{"start":{"line":30,"column":12},"end":{"line":46,"column":13}},"7":{"start":{"line":33,"column":31},"end":{"line":33,"column":84}},"8":{"start":{"line":36,"column":16},"end":{"line":36,"column":47}},"9":{"start":{"line":39,"column":16},"end":{"line":45,"column":17}},"10":{"start":{"line":41,"column":20},"end":{"line":44,"column":42}},"11":{"start":{"line":49,"column":4},"end":{"line":49,"column":38}}},"fnMap":{"0":{"name":"getHikingTrails","decl":{"start":{"line":10,"column":30},"end":{"line":10,"column":45}},"loc":{"start":{"line":10,"column":64},"end":{"line":50,"column":1}},"line":10}},"branchMap":{"0":{"loc":{"start":{"line":30,"column":12},"end":{"line":46,"column":13}},"type":"if","locations":[{"start":{"line":30,"column":12},"end":{"line":46,"column":13}},{"start":{},"end":{}}],"line":30},"1":{"loc":{"start":{"line":39,"column":16},"end":{"line":45,"column":17}},"type":"if","locations":[{"start":{"line":39,"column":16},"end":{"line":45,"column":17}},{"start":{},"end":{}}],"line":39}},"s":{"0":4,"1":4,"2":4,"3":4,"4":4,"5":10,"6":12,"7":7,"8":7,"9":7,"10":6,"11":4},"f":{"0":4},"b":{"0":[7,5],"1":[6,1]},"_coverageSchema":"1a1c01bbd47fc00a2c39e90264f33305004495a9","hash":"fdd89c36b91b1d25240c1288851f4613d230a426"}
,"/workspaces/project-req-rats/outdoor-now/src/pages/api/user/login.js": {"path":"/workspaces/project-req-rats/outdoor-now/src/pages/api/user/login.js","statementMap":{"0":{"start":{"line":6,"column":20},"end":{"line":6,"column":28}},"1":{"start":{"line":10,"column":4},"end":{"line":17,"column":5}},"2":{"start":{"line":11,"column":21},"end":{"line":11,"column":40}},"3":{"start":{"line":12,"column":8},"end":{"line":12,"column":33}},"4":{"start":{"line":13,"column":8},"end":{"line":13,"column":33}},"5":{"start":{"line":15,"column":8},"end":{"line":15,"column":36}},"6":{"start":{"line":16,"column":8},"end":{"line":16,"column":36}},"7":{"start":{"line":19,"column":17},"end":{"line":19,"column":35}},"8":{"start":{"line":21,"column":4},"end":{"line":23,"column":5}},"9":{"start":{"line":22,"column":8},"end":{"line":22,"column":54}},"10":{"start":{"line":25,"column":4},"end":{"line":36,"column":5}},"11":{"start":{"line":27,"column":8},"end":{"line":33,"column":11}},"12":{"start":{"line":35,"column":8},"end":{"line":35,"column":34}}},"fnMap":{"0":{"name":"login","decl":{"start":{"line":3,"column":24},"end":{"line":3,"column":29}},"loc":{"start":{"line":3,"column":40},"end":{"line":37,"column":1}},"line":3}},"branchMap":{"0":{"loc":{"start":{"line":10,"column":4},"end":{"line":17,"column":5}},"type":"if","locations":[{"start":{"line":10,"column":4},"end":{"line":17,"column":5}},{"start":{"line":14,"column":9},"end":{"line":17,"column":5}}],"line":10},"1":{"loc":{"start":{"line":21,"column":4},"end":{"line":23,"column":5}},"type":"if","locations":[{"start":{"line":21,"column":4},"end":{"line":23,"column":5}},{"start":{},"end":{}}],"line":21},"2":{"loc":{"start":{"line":25,"column":4},"end":{"line":36,"column":5}},"type":"if","locations":[{"start":{"line":25,"column":4},"end":{"line":36,"column":5}},{"start":{"line":34,"column":9},"end":{"line":36,"column":5}}],"line":25}},"s":{"0":3,"1":3,"2":3,"3":3,"4":3,"5":0,"6":0,"7":3,"8":3,"9":0,"10":3,"11":2,"12":1},"f":{"0":3},"b":{"0":[3,0],"1":[0,3],"2":[2,1]},"_coverageSchema":"1a1c01bbd47fc00a2c39e90264f33305004495a9","hash":"e2b89b03648b1ee96f7bede8f8b45399dd46177d"}
,"/workspaces/project-req-rats/outdoor-now/src/pages/api/user/signUp.js": {"path":"/workspaces/project-req-rats/outdoor-now/src/pages/api/user/signUp.js","statementMap":{"0":{"start":{"line":6,"column":20},"end":{"line":6,"column":28}},"1":{"start":{"line":9,"column":4},"end":{"line":14,"column":5}},"2":{"start":{"line":11,"column":8},"end":{"line":11,"column":39}},"3":{"start":{"line":13,"column":8},"end":{"line":13,"column":27}},"4":{"start":{"line":16,"column":4},"end":{"line":18,"column":5}},"5":{"start":{"line":17,"column":8},"end":{"line":17,"column":38}},"6":{"start":{"line":20,"column":4},"end":{"line":22,"column":5}},"7":{"start":{"line":21,"column":8},"end":{"line":21,"column":54}},"8":{"start":{"line":24,"column":4},"end":{"line":24,"column":41}},"9":{"start":{"line":25,"column":4},"end":{"line":25,"column":29}}},"fnMap":{"0":{"name":"signUp","decl":{"start":{"line":4,"column":24},"end":{"line":4,"column":30}},"loc":{"start":{"line":4,"column":41},"end":{"line":26,"column":1}},"line":4}},"branchMap":{"0":{"loc":{"start":{"line":9,"column":4},"end":{"line":14,"column":5}},"type":"if","locations":[{"start":{"line":9,"column":4},"end":{"line":14,"column":5}},{"start":{"line":12,"column":9},"end":{"line":14,"column":5}}],"line":9},"1":{"loc":{"start":{"line":16,"column":4},"end":{"line":18,"column":5}},"type":"if","locations":[{"start":{"line":16,"column":4},"end":{"line":18,"column":5}},{"start":{},"end":{}}],"line":16},"2":{"loc":{"start":{"line":16,"column":7},"end":{"line":16,"column":41}},"type":"binary-expr","locations":[{"start":{"line":16,"column":7},"end":{"line":16,"column":23}},{"start":{"line":16,"column":27},"end":{"line":16,"column":41}}],"line":16},"3":{"loc":{"start":{"line":20,"column":4},"end":{"line":22,"column":5}},"type":"if","locations":[{"start":{"line":20,"column":4},"end":{"line":22,"column":5}},{"start":{},"end":{}}],"line":20}},"s":{"0":2,"1":2,"2":2,"3":0,"4":2,"5":0,"6":2,"7":0,"8":2,"9":2},"f":{"0":2},"b":{"0":[2,0],"1":[0,2],"2":[2,2],"3":[0,2]},"_coverageSchema":"1a1c01bbd47fc00a2c39e90264f33305004495a9","hash":"90b6f84dbcae97918fae532e16761e48570ce1cd"}
,"/workspaces/project-req-rats/outdoor-now/src/pages/api/user/updateActivities.js": {"path":"/workspaces/project-req-rats/outdoor-now/src/pages/api/user/updateActivities.js","statementMap":{"0":{"start":{"line":4,"column":27},"end":{"line":4,"column":47}},"1":{"start":{"line":5,"column":4},"end":{"line":5,"column":99}},"2":{"start":{"line":6,"column":4},"end":{"line":6,"column":29}}},"fnMap":{"0":{"name":"userActivities","decl":{"start":{"line":3,"column":24},"end":{"line":3,"column":38}},"loc":{"start":{"line":3,"column":49},"end":{"line":7,"column":1}},"line":3}},"branchMap":{},"s":{"0":3,"1":3,"2":3},"f":{"0":3},"b":{},"_coverageSchema":"1a1c01bbd47fc00a2c39e90264f33305004495a9","hash":"e71f3bd1297ffb007ac07ca85a451043b94dce46"}
,"/workspaces/project-req-rats/outdoor-now/src/pages/api/user/updateLocation.js": {"path":"/workspaces/project-req-rats/outdoor-now/src/pages/api/user/updateLocation.js","statementMap":{"0":{"start":{"line":4,"column":25},"end":{"line":4,"column":45}},"1":{"start":{"line":5,"column":4},"end":{"line":5,"column":81}},"2":{"start":{"line":6,"column":4},"end":{"line":6,"column":29}}},"fnMap":{"0":{"name":"userLocation","decl":{"start":{"line":3,"column":24},"end":{"line":3,"column":36}},"loc":{"start":{"line":3,"column":47},"end":{"line":7,"column":1}},"line":3}},"branchMap":{},"s":{"0":2,"1":2,"2":2},"f":{"0":2},"b":{},"_coverageSchema":"1a1c01bbd47fc00a2c39e90264f33305004495a9","hash":"59fd3594992464fcc7f4095e37d20dccafded3e2"}
,"/workspaces/project-req-rats/outdoor-now/src/pages/api/user/updatePassword.js": {"path":"/workspaces/project-req-rats/outdoor-now/src/pages/api/user/updatePassword.js","statementMap":{"0":{"start":{"line":4,"column":25},"end":{"line":4,"column":45}},"1":{"start":{"line":5,"column":4},"end":{"line":5,"column":73}},"2":{"start":{"line":6,"column":4},"end":{"line":6,"column":29}}},"fnMap":{"0":{"name":"userPassword","decl":{"start":{"line":3,"column":24},"end":{"line":3,"column":36}},"loc":{"start":{"line":3,"column":47},"end":{"line":7,"column":1}},"line":3}},"branchMap":{},"s":{"0":2,"1":2,"2":2},"f":{"0":2},"b":{},"_coverageSchema":"1a1c01bbd47fc00a2c39e90264f33305004495a9","hash":"d34ffdaae50eef71d50504147c508cd8ad5d5fa4"}
,"/workspaces/project-req-rats/outdoor-now/src/pages/api/user/updateRadius.js": {"path":"/workspaces/project-req-rats/outdoor-now/src/pages/api/user/updateRadius.js","statementMap":{"0":{"start":{"line":4,"column":23},"end":{"line":4,"column":43}},"1":{"start":{"line":5,"column":4},"end":{"line":5,"column":74}},"2":{"start":{"line":6,"column":4},"end":{"line":6,"column":29}}},"fnMap":{"0":{"name":"updateRadius","decl":{"start":{"line":3,"column":24},"end":{"line":3,"column":36}},"loc":{"start":{"line":3,"column":47},"end":{"line":7,"column":1}},"line":3}},"branchMap":{},"s":{"0":1,"1":1,"2":1},"f":{"0":1},"b":{},"_coverageSchema":"1a1c01bbd47fc00a2c39e90264f33305004495a9","hash":"3579355cb514a024cb5b1769f63050ebc8117a9c"}
}
