TN:
SF:src/helpers/fetchWrapper.js
FN:12,get
FN:23,post
FN:37,handle
FN:39,(anonymous_3)
FNF:4
FNH:0
FNDA:0,get
FNDA:0,post
FNDA:0,handle
FNDA:0,(anonymous_3)
DA:7,2
DA:14,0
DA:19,0
DA:25,0
DA:31,0
DA:39,0
DA:41,0
DA:42,0
DA:44,0
DA:48,0
DA:49,0
DA:50,0
DA:53,0
LF:13
LH:1
BRDA:48,0,0,0
BRDA:48,0,1,0
BRDA:49,1,0,0
BRDA:49,1,1,0
BRF:4
BRH:0
end_of_record
TN:
SF:src/helpers/haversine.js
FN:4,haversine
FNF:1
FNH:1
FNDA:9,haversine
DA:7,9
DA:8,9
DA:10,9
DA:11,9
DA:12,9
DA:13,9
DA:14,9
DA:15,9
DA:18,9
DA:19,9
DA:20,9
LF:11
LH:11
BRF:0
BRH:0
end_of_record
TN:
SF:src/helpers/JSON_utils/readJSON.js
FN:6,readJSON
FNF:1
FNH:1
FNDA:86,readJSON
DA:3,14
DA:4,14
DA:9,86
DA:12,86
DA:13,86
DA:16,86
DA:21,0
DA:22,0
DA:25,14
LF:9
LH:7
BRF:0
BRH:0
end_of_record
TN:
SF:src/helpers/JSON_utils/writeJSON.js
FN:7,writeJSON
FN:22,(anonymous_1)
FNF:2
FNH:1
FNDA:37,writeJSON
FNDA:0,(anonymous_1)
DA:4,9
DA:10,37
DA:11,37
DA:12,3
DA:13,3
DA:14,34
DA:15,34
DA:19,37
DA:22,37
DA:23,0
DA:24,0
LF:11
LH:9
BRDA:11,0,0,3
BRDA:11,0,1,34
BRDA:14,1,0,34
BRDA:14,1,1,0
BRDA:23,2,0,0
BRDA:23,2,1,0
BRF:6
BRH:3
end_of_record
TN:
SF:src/helpers/filer/acceptable.js
FN:1,isAcceptable
FNF:1
FNH:1
FNDA:10,isAcceptable
DA:3,10
DA:4,10
DA:5,10
DA:6,10
DA:7,10
DA:8,1
DA:9,9
DA:10,7
DA:11,2
DA:12,1
DA:13,1
DA:14,1
DA:16,0
DA:19,10
DA:21,10
DA:24,10
DA:25,7
DA:26,3
DA:27,1
DA:28,1
DA:30,2
DA:31,1
DA:32,0
DA:36,10
LF:24
LH:22
BRDA:7,0,0,1
BRDA:7,0,1,9
BRDA:7,1,0,10
BRDA:7,1,1,10
BRDA:7,1,2,10
BRDA:7,1,3,10
BRDA:9,2,0,7
BRDA:9,2,1,2
BRDA:9,3,0,9
BRDA:9,3,1,9
BRDA:9,3,2,9
BRDA:11,4,0,1
BRDA:11,4,1,1
BRDA:11,5,0,2
BRDA:11,5,1,1
BRDA:11,6,0,1
BRDA:11,6,1,0
BRDA:13,7,0,1
BRDA:13,7,1,0
BRDA:13,8,0,1
BRDA:13,8,1,0
BRDA:21,9,0,1
BRDA:21,9,1,9
BRDA:24,10,0,7
BRDA:24,10,1,3
BRDA:26,11,0,1
BRDA:26,11,1,2
BRDA:27,12,0,1
BRDA:27,12,1,0
BRDA:27,13,0,1
BRDA:27,13,1,0
BRDA:30,14,0,1
BRDA:30,14,1,1
BRDA:31,15,0,0
BRDA:31,15,1,1
BRF:35
BRH:29
end_of_record
TN:
SF:src/helpers/user/findUser.js
FN:3,findUser
FNF:1
FNH:1
FNDA:46,findUser
DA:1,12
DA:5,46
DA:7,46
DA:9,47
DA:10,44
DA:14,2
DA:16,12
LF:7
LH:7
BRDA:9,0,0,44
BRDA:9,0,1,3
BRF:2
BRH:2
end_of_record
TN:
SF:src/helpers/user/updateUser.js
FN:5,updateUser
FNF:1
FNH:1
FNDA:31,updateUser
DA:7,31
DA:11,31
DA:12,31
DA:14,31
DA:15,31
DA:20,31
DA:23,31
LF:7
LH:7
BRDA:12,0,0,31
BRDA:12,0,1,0
BRF:2
BRH:1
end_of_record
TN:
SF:src/pages/api/filter/filterByWeather.js
FN:10,filterByWeather
FNF:1
FNH:1
FNDA:3,filterByWeather
DA:12,3
DA:14,3
DA:16,3
DA:21,3
DA:23,7
DA:24,7
DA:25,7
DA:27,7
DA:28,7
DA:34,7
DA:36,7
DA:37,7
DA:38,7
DA:39,7
DA:42,7
DA:44,7
DA:46,6
DA:47,6
DA:50,7
DA:55,3
LF:20
LH:20
BRDA:42,0,0,7
BRDA:42,0,1,0
BRDA:42,1,0,7
BRDA:42,1,1,7
BRDA:44,2,0,6
BRDA:44,2,1,1
BRDA:46,3,0,6
BRDA:46,3,1,0
BRF:8
BRH:6
end_of_record
TN:
SF:src/pages/api/getTrails/getHikingTrails.js
FN:10,getHikingTrails
FNF:1
FNH:1
FNDA:4,getHikingTrails
DA:12,4
DA:14,4
DA:16,4
DA:22,4
DA:25,4
DA:28,10
DA:30,12
DA:33,7
DA:36,7
DA:39,7
DA:41,6
DA:49,4
LF:12
LH:12
BRDA:30,0,0,7
BRDA:30,0,1,5
BRDA:39,1,0,6
BRDA:39,1,1,1
BRF:4
BRH:4
end_of_record
TN:
SF:src/pages/api/user/login.js
FN:3,login
FNF:1
FNH:1
FNDA:3,login
DA:6,3
DA:10,3
DA:11,3
DA:12,3
DA:13,3
DA:15,0
DA:16,0
DA:19,3
DA:21,3
DA:22,0
DA:25,3
DA:27,2
DA:35,1
LF:13
LH:10
BRDA:10,0,0,3
BRDA:10,0,1,0
BRDA:21,1,0,0
BRDA:21,1,1,3
BRDA:25,2,0,2
BRDA:25,2,1,1
BRF:6
BRH:4
end_of_record
TN:
SF:src/pages/api/user/signUp.js
FN:4,signUp
FNF:1
FNH:1
FNDA:2,signUp
DA:6,2
DA:9,2
DA:11,2
DA:13,0
DA:16,2
DA:17,0
DA:20,2
DA:21,0
DA:24,2
DA:25,2
LF:10
LH:7
BRDA:9,0,0,2
BRDA:9,0,1,0
BRDA:16,1,0,0
BRDA:16,1,1,2
BRDA:16,2,0,2
BRDA:16,2,1,2
BRDA:20,3,0,0
BRDA:20,3,1,2
BRF:8
BRH:5
end_of_record
TN:
SF:src/pages/api/user/updateActivities.js
FN:3,userActivities
FNF:1
FNH:1
FNDA:3,userActivities
DA:4,3
DA:5,3
DA:6,3
LF:3
LH:3
BRF:0
BRH:0
end_of_record
TN:
SF:src/pages/api/user/updateLocation.js
FN:3,userLocation
FNF:1
FNH:1
FNDA:2,userLocation
DA:4,2
DA:5,2
DA:6,2
LF:3
LH:3
BRF:0
BRH:0
end_of_record
TN:
SF:src/pages/api/user/updatePassword.js
FN:3,userPassword
FNF:1
FNH:1
FNDA:2,userPassword
DA:4,2
DA:5,2
DA:6,2
LF:3
LH:3
BRF:0
BRH:0
end_of_record
TN:
SF:src/pages/api/user/updateRadius.js
FN:3,updateRadius
FNF:1
FNH:1
FNDA:1,updateRadius
DA:4,1
DA:5,1
DA:6,1
LF:3
LH:3
BRF:0
BRH:0
end_of_record
